<?xml version="1.0" encoding="UTF-8"?>
<!-- Generated by org.testng.reporters.JUnitReportReporter -->
<testsuite skipped="0" hostname="DESKTOP-OQPFD7J" name="test.java.AddToCartWeaveSocksTest" tests="1" failures="0" timestamp="18 三月 2019 08:07:45 GMT" time="29.279" errors="0">
  <testcase name="AddToCartBasicFlow" time="29.279" classname="test.java.AddToCartWeaveSocksTest"/>
</testsuite> <!-- test.java.AddToCartWeaveSocksTest -->
