<?xml version="1.0" encoding="UTF-8"?>
<!-- Generated by org.testng.reporters.JUnitReportReporter -->
<testsuite skipped="0" hostname="DESKTOP-OQPFD7J" name="test.java.AppTest" tests="1" failures="0" timestamp="15 三月 2019 04:16:17 GMT" time="2.063" errors="0">
  <testcase name="simpleTest" time="2.063" classname="test.java.AppTest"/>
</testsuite> <!-- test.java.AppTest -->
