<?xml version="1.0" encoding="UTF-8"?>
<!-- Generated by org.testng.reporters.JUnitReportReporter -->
<testsuite skipped="0" hostname="DESKTOP-OQPFD7J" name="test.java.LoginWeaveSocksTest" tests="1" failures="0" timestamp="18 三月 2019 08:28:00 GMT" time="27.885" errors="0">
  <testcase name="LoginTestBasicFlow" time="27.885" classname="test.java.LoginWeaveSocksTest"/>
</testsuite> <!-- test.java.LoginWeaveSocksTest -->
